<?xml version="1.0" encoding="UTF-8"?>
<!-- Generated by org.testng.reporters.JUnitReportReporter -->
<testsuite skipped="0" hostname="DESKTOP-L3R1A1J" name="extentReports.ExtentReportWithTestNG" tests="1" failures="0" timestamp="2020-11-01T18:33:20 IST" time="6.892" errors="0">
  <testcase name="test" time="6.892" classname="extentReports.ExtentReportWithTestNG"/>
  <system-out/>
</testsuite> <!-- extentReports.ExtentReportWithTestNG -->
